d:\대학원\onedrive - 서울대학교\1-2\advanced\과제\panda_control_vrep\panda_control_vrep\panda_control_vrep\x64\debug\vc141.pdb
d:\대학원\onedrive - 서울대학교\1-2\advanced\과제\panda_control_vrep\panda_control_vrep\panda_control_vrep\x64\debug\vc141.idb
d:\대학원\onedrive - 서울대학교\1-2\advanced\과제\panda_control_vrep\panda_control_vrep\panda_control_vrep\x64\debug\extapiplatform.obj
d:\대학원\onedrive - 서울대학교\1-2\advanced\과제\panda_control_vrep\panda_control_vrep\panda_control_vrep\x64\debug\extapi.obj
d:\대학원\onedrive - 서울대학교\1-2\advanced\과제\panda_control_vrep\panda_control_vrep\panda_control_vrep\x64\debug\main.obj
d:\대학원\onedrive - 서울대학교\1-2\advanced\과제\panda_control_vrep\panda_control_vrep\panda_control_vrep\x64\debug\vrep_bridge.obj
d:\대학원\onedrive - 서울대학교\1-2\advanced\과제\panda_control_vrep\panda_control_vrep\panda_control_vrep\x64\debug\controller.obj
d:\대학원\onedrive - 서울대학교\1-2\advanced\과제\panda_control_vrep\panda_control_vrep\x64\debug\panda_control_vrep.exe
d:\대학원\onedrive - 서울대학교\1-2\advanced\과제\panda_control_vrep\panda_control_vrep\x64\debug\panda_control_vrep.ilk
d:\대학원\onedrive - 서울대학교\1-2\advanced\과제\panda_control_vrep\panda_control_vrep\x64\debug\panda_control_vrep.pdb
d:\대학원\onedrive - 서울대학교\1-2\advanced\과제\panda_control_vrep\panda_control_vrep\x64\debug\panda_control_vrep.lib
d:\대학원\onedrive - 서울대학교\1-2\advanced\과제\panda_control_vrep\panda_control_vrep\x64\debug\panda_control_vrep.exp
d:\onedrive - snu\1-2\advanced\과제\panda_control_vrep_project\panda_control_vrep\panda_control_vrep\x64\debug\controller.obj
d:\onedrive - snu\1-2\advanced\과제\panda_control_vrep_project\panda_control_vrep\panda_control_vrep\x64\debug\extapi.obj
d:\onedrive - snu\1-2\advanced\과제\panda_control_vrep_project\panda_control_vrep\panda_control_vrep\x64\debug\extapiplatform.obj
d:\onedrive - snu\1-2\advanced\과제\panda_control_vrep_project\panda_control_vrep\panda_control_vrep\x64\debug\main.obj
d:\onedrive - snu\1-2\advanced\과제\panda_control_vrep_project\panda_control_vrep\panda_control_vrep\x64\debug\vrep_bridge.obj
d:\onedrive - snu\1-2\advanced\과제\panda_control_vrep_project\panda_control_vrep\panda_control_vrep\x64\debug\vc141.idb
d:\onedrive - snu\1-2\advanced\과제\panda_control_vrep_project\panda_control_vrep\panda_control_vrep\x64\debug\vc141.pdb
d:\onedrive - snu\1-2\advanced\과제\panda_control_vrep_project\panda_control_vrep\x64\debug\panda_control_vrep.pdb
d:\onedrive - snu\1-2\advanced\과제\panda_control_vrep_project\panda_control_vrep\x64\debug\panda_control_vrep.exe
d:\onedrive - snu\1-2\advanced\과제\panda_control_vrep_project\panda_control_vrep\x64\debug\panda_control_vrep.ilk
d:\onedrive - snu\1-2\advanced\과제\panda_control_vrep_project\panda_control_vrep\panda_control_vrep\x64\debug\panda_co.56d3fdc8.tlog\cl.command.1.tlog
d:\onedrive - snu\1-2\advanced\과제\panda_control_vrep_project\panda_control_vrep\panda_control_vrep\x64\debug\panda_co.56d3fdc8.tlog\cl.read.1.tlog
d:\onedrive - snu\1-2\advanced\과제\panda_control_vrep_project\panda_control_vrep\panda_control_vrep\x64\debug\panda_co.56d3fdc8.tlog\cl.write.1.tlog
d:\onedrive - snu\1-2\advanced\과제\panda_control_vrep_project\panda_control_vrep\panda_control_vrep\x64\debug\panda_co.56d3fdc8.tlog\link.command.1.tlog
d:\onedrive - snu\1-2\advanced\과제\panda_control_vrep_project\panda_control_vrep\panda_control_vrep\x64\debug\panda_co.56d3fdc8.tlog\link.read.1.tlog
d:\onedrive - snu\1-2\advanced\과제\panda_control_vrep_project\panda_control_vrep\panda_control_vrep\x64\debug\panda_co.56d3fdc8.tlog\link.write.1.tlog
d:\onedrive - snu\1-2\advanced\과제\panda_control_vrep_project\panda_control_vrep\panda_control_vrep\x64\debug\panda_co.56d3fdc8.tlog\panda_control_vrep.write.1u.tlog
